1483458566043	geckodriver	INFO	Listening on 127.0.0.1:51593
1483458568039	mozprofile::profile	INFO	Using profile path C:\Users\wqm\AppData\Local\Temp\rust_mozprofile.CBqUIro8TQpy
1483458568042	geckodriver::marionette	INFO	Starting browser D:\Program Files (x86)\Mozilla Firefox\firefox.exe
1483458568067	geckodriver::marionette	INFO	Connecting to Marionette on localhost:51601
JavaScript error: resource://gre/components/SanityTest.js, line 287: NS_ERROR_FILE_ACCESS_DENIED: Component returned failure code: 0x80520015 (NS_ERROR_FILE_ACCESS_DENIED) [nsIPrefService.savePrefFile]
1483458569020	Marionette	INFO	Listening on port 51601
[Child 9120] WARNING: pipe error: 109: file c:/builds/moz2_slave/m-rel-w32-00000000000000000000/build/src/ipc/chromium/src/chrome/common/ipc_channel_win.cc, line 346
[Child 9120] WARNING: pipe error: 109: file c:/builds/moz2_slave/m-rel-w32-00000000000000000000/build/src/ipc/chromium/src/chrome/common/ipc_channel_win.cc, line 346
1483458823928	addons.productaddons	WARN	Failed downloading via XHR, status: 0, reason: error
te to send/recv, messages will be lost


###!!! [Child][OnMaybeDequeueOne] Error: Channel closing: too late to send/recv, messages will be lost


###!!! [Child][OnMaybeDequeueOne] Error: Channel closing: too late to send/recv, messages will be lost


###!!! [Child][OnMaybeDequeueOne] Error: Channel closing: too late to send/recv, messages will be lost


###!!! [Child][MessageChannel] Error: (msgtype=0x4A00C2,name=PContent::Msg_ConsoleMessage) Channel closing: too late to send/recv, messages will be lost

Mapping webcompat@mozilla.org to D:\Program Files (x86)\Mozilla Firefox\browser\features\webcompat@mozilla.org.xpi
1483412143513	addons.xpi	INFO	Mapping {972ce4c6-7e08-4474-a285-3208198ce6fd} to D:\Program Files (x86)\Mozilla Firefox\browser\extensions\{972ce4c6-7e08-4474-a285-3208198ce6fd}.xpi
1483412143514	addons.xpi	DEBUG	checkForChanges
1483412143514	addons.xpi	DEBUG	Loaded add-on state from prefs: {}
1483412143515	addons.xpi	DEBUG	New add-on aushelper@mozilla.org in app-system-defaults
1483412143515	addons.xpi	DEBUG	getModTime: Recursive scan of aushelper@mozilla.org
1483412143516	addons.xpi	DEBUG	New add-on e10srollout@mozilla.org in app-system-defaults
1483412143516	addons.xpi	DEBUG	getModTime: Recursive scan of e10srollout@mozilla.org
1483412143516	addons.xpi	DEBUG	New add-on firefox@getpocket.com in app-system-defaults
1483412143517	addons.xpi	DEBUG	getModTime: Recursive scan of firefox@getpocket.com
1483412143517	addons.xpi	DEBUG	New add-on webcompat@mozilla.org in app-system-defaults
1483412143517	addons.xpi	DEBUG	getModTime: Recursive scan of webcompat@mozilla.org
1483412143518	addons.xpi	DEBUG	New add-on {972ce4c6-7e08-4474-a285-3208198ce6fd} in app-global
1483412143518	addons.xpi	DEBUG	getModTime: Recursive scan of {972ce4c6-7e08-4474-a285-3208198ce6fd}
1483412143518	addons.xpi	DEBUG	getInstallState changed: true, state: {"app-system-defaults":{"aushelper@mozilla.org":{"d":"D:\\Program Files (x86)\\Mozilla Firefox\\browser\\features\\aushelper@mozilla.org.xpi","st":1481894035979},"e10srollout@mozilla.org":{"d":"D:\\Program Files (x86)\\Mozilla Firefox\\browser\\features\\e10srollout@mozilla.org.xpi","st":1481894035976},"firefox@getpocket.com":{"d":"D:\\Program Files (x86)\\Mozilla Firefox\\browser\\features\\firefox@getpocket.com.xpi","st":1481894035973},"webcompat@mozilla.org":{"d":"D:\\Program Files (x86)\\Mozilla Firefox\\browser\\features\\webcompat@mozilla.org.xpi","st":1481894035967}},"app-global":{"{972ce4c6-7e08-4474-a285-3208198ce6fd}":{"d":"D:\\Program Files (x86)\\Mozilla Firefox\\browser\\extensions\\{972ce4c6-7e08-4474-a285-3208198ce6fd}.xpi","st":1481894035982}}}
1483412143527	addons.xpi-utils	DEBUG	Opening XPI database C:\Users\wqm\AppData\Local\Temp\rust_mozprofile.Dba4ttWMrjzL\extensions.json
1483412143531	addons.xpi-utils	DEBUG	New add-on aushelper@mozilla.org installed in app-system-defaults
*** Blocklist::_loadBlocklistFromFile: blocklist is disabled
1483412143540	DeferredSave.extensions.json	DEBUG	Save changes
1483412143540	addons.xpi-utils	DEBUG	New add-on e10srollout@mozilla.org installed in app-system-defaults
1483412143543	DeferredSave.extensions.json	DEBUG	Starting timer
1483412143544	DeferredSave.extensions.json	DEBUG	Save changes
1483412143544	addons.xpi-utils	DEBUG	New add-on firefox@getpocket.com installed in app-system-defaults
1483412143549	DeferredSave.extensions.json	DEBUG	Save changes
1483412143549	addons.xpi-utils	DEBUG	New add-on webcompat@mozilla.org installed in app-system-defaults
1483412143553	DeferredSave.extensions.json	DEBUG	Save changes
1483412143554	addons.xpi-utils	DEBUG	New add-on {972ce4c6-7e08-4474-a285-3208198ce6fd} installed in app-global
1483412143557	DeferredSave.extensions.json	DEBUG	Save changes
1483412143557	addons.manager	DEBUG	Registering startup change 'installed' for aushelper@mozilla.org
1483412143562	addons.xpi	DEBUG	Loading bootstrap scope from D:\Program Files (x86)\Mozilla Firefox\browser\features\aushelper@mozilla.org.xpi
1483412143566	addons.xpi	DEBUG	Calling bootstrap method install on aushelper@mozilla.org version 1.0
1483412143566	addons.xpi-utils	DEBUG	Make addon app-system-defaults:aushelper@mozilla.org visible
1483412143566	DeferredSave.extensions.json	DEBUG	Save changes
1483412143567	addons.manager	DEBUG	Registering startup change 'installed' for e10srollout@mozilla.org
1483412143568	addons.xpi	DEBUG	Loading bootstrap scope from D:\Program Files (x86)\Mozilla Firefox\browser\features\e10srollout@mozilla.org.xpi
1483412143576	addons.xpi	DEBUG	Calling bootstrap method install on e10srollout@mozilla.org version 1.5
1483412143577	addons.xpi-utils	DEBUG	Make addon app-system-defaults:e10srollout@mozilla.org visible
1483412143577	DeferredSave.extensions.json	DEBUG	Save changes
1483412143577	addons.manager	DEBUG	Registering startup change 'installed' for firefox@getpocket.com
1483412143578	addons.xpi	DEBUG	Loading bootstrap scope from D:\Program Files (x86)\Mozilla Firefox\browser\features\firefox@getpocket.com.xpi
1483412143581	addons.xpi	DEBUG	Calling bootstrap method install on firefox@getpocket.com version 1.0.5
1483412143581	addons.xpi-utils	DEBUG	Make addon app-system-defaults:firefox@getpocket.com visible
1483412143582	DeferredSave.extensions.json	DEBUG	Save changes
1483412143582	addons.manager	DEBUG	Registering startup change 'installed' for webcompat@mozilla.org
1483412143582	addons.xpi	DEBUG	Loading bootstrap scope from D:\Program Files (x86)\Mozilla Firefox\browser\features\webcompat@mozilla.org.xpi
1483412143584	addons.xpi	DEBUG	Calling bootstrap method install on webcompat@mozilla.org version 1.0
1483412143584	addons.xpi-utils	DEBUG	Make addon app-system-defaults:webcompat@mozilla.org visible
1483412143584	DeferredSave.extensions.json	DEBUG	Save changes
1483412143584	addons.xpi-utils	DEBUG	Make addon app-global:{972ce4c6-7e08-4474-a285-3208198ce6fd} visible
1483412143584	DeferredSave.extensions.json	DEBUG	Save changes
1483412143585	addons.xpi	DEBUG	Updating XPIState for {"id":"aushelper@mozilla.org","syncGUID":"{ce28506c-618d-4f4d-bd20-fb6128e0c103}","location":"app-system-defaults","version":"1.0","type":"extension","internalName":null,"updateURL":null,"updateKey":null,"optionsURL":null,"optionsType":null,"aboutURL":null,"icons":{},"iconURL":null,"icon64URL":null,"defaultLocale":{"name":"Application Update Service Helper","description":"Sets value(s) in the update url based on custom checks.","creator":null,"homepageURL":null},"visible":true,"active":true,"userDisabled":false,"appDisabled":false,"descriptor":"D:\\Program Files (x86)\\Mozilla Firefox\\browser\\features\\aushelper@mozilla.org.xpi","installDate":1481894035979,"updateDate":1481894035979,"applyBackgroundUpdates":1,"bootstrap":true,"skinnable":false,"size":5975,"sourceURI":null,"releaseNotesURI":null,"softDisabled":false,"foreignInstall":false,"hasBinaryComponents":false,"strictCompatibility":false,"locales":[],"targetApplications":[{"id":"{ec8030f7-c20a-464f-9b0e-13a3a9e97384}","minVersion":"50.1.0","maxVersion":"50.*"}],"targetPlatforms":[],"multiprocessCompatible":true,"seen":true}
1483412143585	addons.xpi	DEBUG	getModTime: Recursive scan of aushelper@mozilla.org
1483412143585	addons.xpi	DEBUG	Updating XPIState for {"id":"e10srollout@mozilla.org","syncGUID":"{72e45fdd-f1f9-403a-ae29-7783de9f5cac}","location":"app-system-defaults","version":"1.5","type":"extension","internalName":null,"updateURL":null,"updateKey":null,"optionsURL":null,"optionsType":null,"aboutURL":null,"icons":{},"iconURL":null,"icon64URL":null,"defaultLocale":{"name":"Multi-process staged rollout","description":"Staged rollout of Firefox multi-process feature.","creator":null,"homepageURL":null},"visible":true,"active":true,"userDisabled":false,"appDisabled":false,"descriptor":"D:\\Program Files (x86)\\Mozilla Firefox\\browser\\features\\e10srollout@mozilla.org.xpi","installDate":1481894035976,"updateDate":1481894035976,"applyBackgroundUpdates":1,"bootstrap":true,"skinnable":false,"size":7210,"sourceURI":null,"releaseNotesURI":null,"softDisabled":false,"foreignInstall":false,"hasBinaryComponents":false,"strictCompatibility":false,"locales":[],"targetApplications":[{"id":"{ec8030f7-c20a-464f-9b0e-13a3a9e97384}","minVersion":"50.1.0","maxVersion":"50.*"}],"targetPlatforms":[],"multiprocessCompatible":false,"seen":true}
1483412143585	addons.xpi	DEBUG	getModTime: Recursive scan of e10srollout@mozilla.org
1483412143585	addons.xpi	DEBUG	Updating XPIState for {"id":"firefox@getpocket.com","syncGUID":"{082bc0ce-141f-4c84-a080-95d4005f944e}","location":"app-system-defaults","version":"1.0.5","type":"extension","internalName":null,"updateURL":null,"updateKey":null,"optionsURL":null,"optionsType":null,"aboutURL":null,"icons":{},"iconURL":null,"icon64URL":null,"defaultLocale":{"name":"Pocket","description":"When you find something you want to view later, put it in Pocket.","creator":null,"homepageURL":null},"visible":true,"active":true,"userDisabled":false,"appDisabled":false,"descriptor":"D:\\Program Files (x86)\\Mozilla Firefox\\browser\\features\\firefox@getpocket.com.xpi","installDate":1481894035973,"updateDate":1481894035973,"applyBackgroundUpdates":1,"bootstrap":true,"skinnable":false,"size":917446,"sourceURI":null,"releaseNotesURI":null,"softDisabled":false,"foreignInstall":false,"hasBinaryComponents":false,"strictCompatibility":false,"locales":[],"targetApplications":[{"id":"{ec8030f7-c20a-464f-9b0e-13a3a9e97384}","minVersion":"50.1.0","maxVersion":"50.*"}],"targetPlatforms":[],"multiprocessCompatible":false,"seen":true}
1483412143585	addons.xpi	DEBUG	getModTime: Recursive scan of firefox@getpocket.com
1483412143586	addons.xpi	DEBUG	Updating XPIState for {"id":"webcompat@mozilla.org","syncGUID":"{ba60c2a7-0508-48ac-9c28-3d6527b3230f}","location":"app-system-defaults","version":"1.0","type":"extension","internalName":null,"updateURL":null,"updateKey":null,"optionsURL":null,"optionsType":null,"aboutURL":null,"icons":{},"iconURL":null,"icon64URL":null,"defaultLocale":{"name":"Web Compat","description":"Urgent post-release fixes for web compatibility.","creator":null,"homepageURL":null},"visible":true,"active":true,"userDisabled":false,"appDisabled":false,"descriptor":"D:\\Program Files (x86)\\Mozilla Firefox\\browser\\features\\webcompat@mozilla.org.xpi","installDate":1481894035967,"updateDate":1481894035967,"applyBackgroundUpdates":1,"bootstrap":true,"skinnable":false,"size":1502,"sourceURI":null,"releaseNotesURI":null,"softDisabled":false,"foreignInstall":false,"hasBinaryComponents":false,"strictCompatibility":false,"locales":[],"targetApplications":[{"id":"{ec8030f7-c20a-464f-9b0e-13a3a9e97384}","minVersion":"50.1.0","maxVersion":"50.*"}],"targetPlatforms":[],"multiprocessCompatible":false,"seen":true}
1483412143586	addons.xpi	DEBUG	getModTime: Recursive scan of webcompat@mozilla.org
1483412143586	addons.xpi	DEBUG	Updating XPIState for {"id":"{972ce4c6-7e08-4474-a285-3208198ce6fd}","syncGUID":"{ec0923f0-6c56-4f65-8a9c-3374cc8e83a9}","location":"app-global","version":"50.1.0","type":"theme","internalName":"classic/1.0","updateURL":null,"updateKey":null,"optionsURL":null,"optionsType":null,"aboutURL":null,"icons":{"32":"icon.png","48":"icon.png"},"iconURL":null,"icon64URL":null,"defaultLocale":{"name":"Default","description":"The default theme.","creator":"Mozilla","homepageURL":null,"contributors":["Mozilla Contributors"]},"visible":true,"active":true,"userDisabled":false,"appDisabled":false,"descriptor":"D:\\Program Files (x86)\\Mozilla Firefox\\browser\\extensions\\{972ce4c6-7e08-4474-a285-3208198ce6fd}.xpi","installDate":1481894035982,"updateDate":1481894035982,"applyBackgroundUpdates":1,"skinnable":true,"size":21152,"sourceURI":null,"releaseNotesURI":null,"softDisabled":false,"foreignInstall":false,"hasBinaryComponents":false,"strictCompatibility":true,"locales":[],"targetApplications":[{"id":"{ec8030f7-c20a-464f-9b0e-13a3a9e97384}","minVersion":"50.1.0","maxVersion":"50.1.0"}],"targetPlatforms":[],"seen":true}
1483412143586	addons.xpi	DEBUG	getModTime: Recursive scan of {972ce4c6-7e08-4474-a285-3208198ce6fd}
1483412143587	DeferredSave.extensions.json	DEBUG	Save changes
1483412143587	addons.xpi	DEBUG	Updating database with changes to installed add-ons
1483412143587	addons.xpi-utils	DEBUG	Updating add-on states
1483412143589	addons.xpi-utils	DEBUG	Writing add-ons list
1483412143593	addons.xpi	DEBUG	Registering manifest for D:\Program Files (x86)\Mozilla Firefox\browser\features\aushelper@mozilla.org.xpi
1483412143594	addons.xpi	DEBUG	Calling bootstrap method startup on aushelper@mozilla.org version 1.0
1483412143595	addons.xpi	DEBUG	Registering manifest for D:\Program Files (x86)\Mozilla Firefox\browser\features\e10srollout@mozilla.org.xpi
1483412143595	addons.xpi	DEBUG	Calling bootstrap method startup on e10srollout@mozilla.org version 1.5
1483412143596	addons.xpi	DEBUG	Registering manifest for D:\Program Files (x86)\Mozilla Firefox\browser\features\firefox@getpocket.com.xpi
1483412143596	addons.xpi	DEBUG	Calling bootstrap method startup on firefox@getpocket.com version 1.0.5
1483412143597	addons.xpi	DEBUG	Registering manifest for D:\Program Files (x86)\Mozilla Firefox\browser\features\webcompat@mozilla.org.xpi
1483412143598	addons.xpi	DEBUG	Calling bootstrap method startup on webcompat@mozilla.org version 1.0
1483412143599	addons.manager	DEBUG	Registering shutdown blocker for XPIProvider
1483412143600	addons.manager	DEBUG	Provider finished startup: XPIProvider
1483412143600	addons.manager	DEBUG	Starting provider: LightweightThemeManager
1483412143600	addons.manager	DEBUG	Registering shutdown blocker for LightweightThemeManager
1483412143600	addons.manager	DEBUG	Provider finished startup: LightweightThemeManager
1483412143600	addons.manager	DEBUG	Starting provider: GMPProvider
1483412143610	addons.manager	DEBUG	Registering shutdown blocker for GMPProvider
1483412143610	addons.manager	DEBUG	Provider finished startup: GMPProvider
1483412143610	addons.manager	DEBUG	Starting provider: PluginProvider
1483412143611	addons.manager	DEBUG	Registering shutdown blocker for PluginProvider
1483412143611	addons.manager	DEBUG	Provider finished startup: PluginProvider
1483412143611	addons.manager	DEBUG	Completed startup sequence
1483412143825	Marionette	INFO	Listening on port 50986
1483412144000	addons.manager	DEBUG	Starting provider: <unnamed-provider>
1483412144000	addons.manager	DEBUG	Registering shutdown blocker for <unnamed-provider>
1483412144000	addons.manager	DEBUG	Provider finished startup: <unnamed-provider>
1483412144055	addons.manager	DEBUG	Starting provider: PreviousExperimentProvider
1483412144055	addons.manager	DEBUG	Registering shutdown blocker for PreviousExperimentProvider
1483412144056	addons.manager	DEBUG	Provider finished startup: PreviousExperimentProvider
1483412144058	DeferredSave.extensions.json	DEBUG	Starting write
1483412144251	DeferredSave.extensions.json	DEBUG	Write succeeded
1483412144251	addons.xpi-utils	DEBUG	XPI Database saved, setting schema version preference to 17
1483412204719	addons.productaddons	INFO	sending request to: https://aus5.mozilla.org/update/3/GMP/50.1.0/20161208153507/WINNT_x86-msvc-x64/zh-CN/release-cck-mozillaonline/Windows_NT%206.1.1.0%20(x64)/MozillaOnline/2016.11/update.xml
1483412205626	addons.productaddons	INFO	Completed downloading document
1483412223742	addons.productaddons	INFO	downloadXHR File download. status=200
1483412223748	addons.productaddons	INFO	Downloaded file will be saved to C:\Users\wqm\AppData\Local\Temp\tmpaddon
1483412225371	addons.productaddons	INFO	downloadXHR File download. status=200
1483412225375	addons.productaddons	INFO	Downloaded file will be saved to C:\Users\wqm\AppData\Local\Temp\tmpaddon
1483412229950	addons.productaddons	INFO	downloadXHR File download. status=404
1483412743811	addons.manager	INFO	Skipping background update check
1483412983835	DeferredSave.extensions.json	DEBUG	Save changes
1483412983836	DeferredSave.extensions.json	DEBUG	Starting timer
1483412983866	DeferredSave.extensions.json	DEBUG	Starting write
1483412983874	DeferredSave.extensions.json	DEBUG	Write succeeded
1483413099413	addons.xpi	DEBUG	Calling bootstrap method shutdown on aushelper@mozilla.org version 1.0
1483413099413	addons.xpi	DEBUG	Calling bootstrap method shutdown on e10srollout@mozilla.org version 1.5
1483413099414	addons.xpi	DEBUG	Calling bootstrap method shutdown on firefox@getpocket.com version 1.0.5
1483413099414	addons.xpi	DEBUG	Calling bootstrap method shutdown on webcompat@mozilla.org version 1.0
[Child 7060] WARNING: pipe error: 109: file c:/builds/moz2_slave/m-rel-w32-00000000000000000000/build/src/ipc/chromium/src/chrome/common/ipc_channel_win.cc, line 346
1483413099515	addons.manager	DEBUG	shutdown
1483413099515	addons.manager	DEBUG	Calling shutdown blocker for XPIProvider
1483413099515	addons.xpi	DEBUG	shutdown
1483413099515	addons.xpi-utils	DEBUG	shutdown
1483413099516	addons.manager	DEBUG	Calling shutdown blocker for LightweightThemeManager
1483413099516	addons.manager	DEBUG	Calling shutdown blocker for GMPProvider
1483413099518	addons.manager	DEBUG	Calling shutdown blocker for PluginProvider
1483413099519	addons.manager	DEBUG	Calling shutdown blocker for <unnamed-provider>
1483413099520	addons.manager	DEBUG	Calling shutdown blocker for PreviousExperimentProvider
1483413099523	addons.xpi	DEBUG	Notifying XPI shutdown observers
1483413099528	addons.manager	DEBUG	Async provider shutdown done
Notifying XPI shutdown observers
1483413092662	addons.manager	DEBUG	Async provider shutdown done
3037158	addons.manager	DEBUG	Async provider shutdown done
[NPAPI 8016] WARNING: pipe error: 109: file c:/builds/moz2_slave/m-rel-w32-00000000000000000000/build/src/ipc/chromium/src/chrome/common/ipc_channel_win.cc, line 346

manager	DEBUG	Async provider shutdown done
[NPAPI 9848] WARNING: pipe error: 109: file c:/builds/moz2_slave/m-rel-w32-00000000000000000000/build/src/ipc/chromium/src/chrome/common/ipc_channel_win.cc, line 346
w32-00000000000000000000/build/src/ipc/chromium/src/chrome/common/ipc_channel_win.cc, line 346
m_cfgProxySetting.Query(1)
m_cfgProxySetting.Query(1)
msgtype=0x2E002A,name=PBrowser::Msg_SetInputContext) Closed channel: cannot send/recv

1483024688581	addons.manager	DEBUG	shutdown
1483024688581	addons.manager	DEBUG	Calling shutdown blocker for XPIProvider
1483024688581	addons.xpi	DEBUG	shutdown
1483024688582	addons.xpi-utils	DEBUG	shutdown
1483024688582	addons.manager	DEBUG	Calling shutdown blocker for LightweightThemeManager
1483024688582	addons.manager	DEBUG	Calling shutdown blocker for GMPProvider
1483024688584	addons.manager	DEBUG	Calling shutdown blocker for PluginProvider
1483024688584	addons.manager	DEBUG	Calling shutdown blocker for <unnamed-provider>
1483024688586	addons.manager	DEBUG	Calling shutdown blocker for PreviousExperimentProvider
1483024688588	addons.xpi	DEBUG	Notifying XPI shutdown observers
1483024688592	addons.manager	DEBUG	Async provider shutdown done
716.2838.2975.2977, line 85: unreachable code after return statement
JavaScript error: , line 0: Error: Permission denied to access property "href"
JavaScript error: , line 0: Error: Permission denied to access property "href"
JavaScript error: http://pos.baidu.com/hcum?rdid=2788173&dc=2&exps=110007&di=u2788173&dri=0&dis=0&dai=4&ps=9544x0&dcb=BAIDU_SSP_define&dtm=HTML_POST&dvi=0.0&dci=-1&dpt=none&tsr=0&tpr=1481772729256&ti=%E9%97%AA%E5%A9%9A%E5%8E%9A%E7%88%B1%EF%BC%9A%E8%AF%AF%E5%AB%81%E5%A4%A9%E4%BB%B7%E8%80%81%E5%85%AC%E5%85%A8%E6%96%87%E9%98%85%E8%AF%BB_%E9%97%AA%E5%A9%9A%E5%8E%9A%E7%88%B1%EF%BC%9A%E8%AF%AF%E5%AB%81%E5%A4%A9%E4%BB%B7%E8%80%81%E5%85%AC%E6%9C%80%E6%96%B0%E7%AB%A0%E8%8A%82_%E9%9D%9E%E5%B8%B8%E5%A5%BD%E7%9C%8B%E7%9A%84%E5%A5%B3%E7%94%9F%E8%A8%80%E6%83%85%E5%85%8D%E8%B4%B9%E5%B0%8F%E8%AF%B4&ari=2&dbv=0&drs=1&pcs=1263x867&pss=1263x9544&cfv=24&cpl=28&chi=1&cce=true&cec=gbk&tlm=1481772600&rw=867&ltu=http%3A%2F%2Fwodeshucheng.com%2Fbook_15232%2F&ltr=https%3A%2F%2Fzhidao.baidu.com%2Fquestion%2F715366276106001125.html&ecd=1&psr=1280x1024&par=1280x962&pis=-1x-1&ccd=24&cja=true&cmi=77&col=zh-CN&cdo=-1&tcn=1481772730&qn=7c5ffd3153af2210&tt=1481772729214.905.1288.1290, line 35: ReferenceError: GetQueryString is not defined
JavaScript error: , line 0: Error: Permission denied to access property "href"
JavaScript error: , line 0: Error: Permission denied to access property "href"
JavaScript error: , line 0: Error: Permission denied to access property "href"
JavaScript error: , line 0: Error: Permission denied to access property "href"
JavaScript error: , line 0: Error: Permission denied to access property "href"
JavaScript error: , line 0: Error: Permission denied to access property "href"
JavaScript error: , line 0: Error: Permission denied to access property "href"
JavaScript error: , line 0: Error: Permission denied to access property "href"
JavaScript error: http://pos.baidu.com/tcvm?rdid=2597857&dc=1&exps=110008&di=u2597857&dri=0&dis=0&dai=2&ps=8882x152&dcb=BAIDU_SSP_define&dtm=HTML_POST&dvi=0.0&dci=-1&dpt=none&tsr=0&tpr=1481772754140&ti=%E9%97%AA%E5%A9%9A%E5%8E%9A%E7%88%B1%EF%BC%9A%E8%AF%AF%E5%AB%81%E5%A4%A9%E4%BB%B7%E8%80%81%E5%85%AC%E5%85%A8%E6%96%87%E9%98%85%E8%AF%BB_%E9%97%AA%E5%A9%9A%E5%8E%9A%E7%88%B1%EF%BC%9A%E8%AF%AF%E5%AB%81%E5%A4%A9%E4%BB%B7%E8%80%81%E5%85%AC%E6%9C%80%E6%96%B0%E7%AB%A0%E8%8A%82_%E9%9D%9E%E5%B8%B8%E5%A5%BD%E7%9C%8B%E7%9A%84%E5%A5%B3%E7%94%9F%E8%A8%80%E6%83%85%E5%85%8D%E8%B4%B9%E5%B0%8F%E8%AF%B4&ari=2&dbv=0&drs=1&pcs=1263x867&pss=1263x8883&cfv=24&cpl=28&chi=2&cce=true&cec=gbk&tlm=1481772600&rw=867&ltu=http%3A%2F%2Fwodeshucheng.com%2Fbook_15232%2F&ltr=https%3A%2F%2Fzhidao.baidu.com%2Fquestion%2F715366276106001125.html&ecd=1&psr=1280x1024&par=1280x962&pis=-1x-1&ccd=24&cja=true&cmi=77&col=zh-CN&cdo=-1&tcn=1481772754&qn=be268a389df9419e&tt=1481772754114.129.129.130, line 1: SyntaxError: expected expression, got '<'
JavaScript error: , line 0: Error: Permission denied to access property "href"
JavaScript error: http://pos.baidu.com/jclm?rdid=1715680&dc=3&exps=110008&di=u1715680&dri=0&dis=0&dai=1&ps=302x160&dcb=BAIDU_SSP_define&dtm=HTML_POST&dvi=0.0&dci=-1&dpt=none&tsr=0&tpr=1481774549224&ti=%E9%97%AA%E5%A9%9A%E5%8E%9A%E7%88%B1%EF%BC%9A%E8%AF%AF%E5%AB%81%E5%A4%A9%E4%BB%B7%E8%80%81%E5%85%AC%E5%85%A8%E6%96%87%E9%98%85%E8%AF%BB_%E9%97%AA%E5%A9%9A%E5%8E%9A%E7%88%B1%EF%BC%9A%E8%AF%AF%E5%AB%81%E5%A4%A9%E4%BB%B7%E8%80%81%E5%85%AC%E6%9C%80%E6%96%B0%E7%AB%A0%E8%8A%82_%E9%9D%9E%E5%B8%B8%E5%A5%BD%E7%9C%8B%E7%9A%84%E5%A5%B3%E7%94%9F%E8%A8%80%E6%83%85%E5%85%8D%E8%B4%B9%E5%B0%8F%E8%AF%B4&ari=2&dbv=0&drs=1&pcs=1280x867&pss=1280x867&cfv=24&cpl=28&chi=1&cce=true&cec=gbk&tlm=1481772600&rw=867&ltu=http%3A%2F%2Fwodeshucheng.com%2Fbook_15232%2F&ltr=https%3A%2F%2Fzhidao.baidu.com%2Fquestion%2F715366276106001125.html&ecd=1&psr=1280x1024&par=1280x962&pis=-1x-1&ccd=24&cja=true&cmi=77&col=zh-CN&cdo=-1&tcn=1481774549&qn=cc4eef99b9fc592f&tt=1481774549192.37.37.39, line 72: ReferenceError: GetQueryString is not defined
JavaScript error: , line 0: Error: Permission denied to access property "href"
JavaScript error: , line 0: Error: Permission denied to access property "href"
JavaScript error: , line 0: Error: Permission denied to access property "href"
JavaScript error: , line 0: Error: Permission denied to access property "href"
JavaScript error: , line 0: Error: Permission denied to access property "href"
JavaScript error: http://pos.baidu.com/jclm?rdid=2788173&dc=1&exps=110008&di=u2788173&dri=0&dis=0&dai=4&ps=10495x0&dcb=BAIDU_SSP_define&dtm=HTML_POST&dvi=0.0&dci=-1&dpt=none&tsr=0&tpr=1481774549224&ti=%E9%97%AA%E5%A9%9A%E5%8E%9A%E7%88%B1%EF%BC%9A%E8%AF%AF%E5%AB%81%E5%A4%A9%E4%BB%B7%E8%80%81%E5%85%AC%E5%85%A8%E6%96%87%E9%98%85%E8%AF%BB_%E9%97%AA%E5%A9%9A%E5%8E%9A%E7%88%B1%EF%BC%9A%E8%AF%AF%E5%AB%81%E5%A4%A9%E4%BB%B7%E8%80%81%E5%85%AC%E6%9C%80%E6%96%B0%E7%AB%A0%E8%8A%82_%E9%9D%9E%E5%B8%B8%E5%A5%BD%E7%9C%8B%E7%9A%84%E5%A5%B3%E7%94%9F%E8%A8%80%E6%83%85%E5%85%8D%E8%B4%B9%E5%B0%8F%E8%AF%B4&ari=2&dbv=0&drs=1&pcs=1263x867&pss=1263x10496&cfv=24&cpl=28&chi=1&cce=true&cec=gbk&tlm=1481772600&rw=867&ltu=http%3A%2F%2Fwodeshucheng.com%2Fbook_15232%2F&ltr=https%3A%2F%2Fzhidao.baidu.com%2Fquestion%2F715366276106001125.html&ecd=1&psr=1280x1024&par=1280x962&pis=-1x-1&ccd=24&cja=true&cmi=77&col=zh-CN&cdo=-1&tcn=1481774551&qn=7c5ffd3153af2210&tt=1481774549192.1313.1313.1314, line 1: SyntaxError: expected expression, got '<'
JavaScript error: http://m.wodeshucheng.com/, line 371: ReferenceError: qijixs_bottom is not defined
1481781574928	addons.xpi	DEBUG	Calling bootstrap method shutdown on aushelper@mozilla.org version 1.0
1481781574928	addons.xpi	DEBUG	Calling bootstrap method shutdown on e10srollout@mozilla.org version 1.5
1481781574929	addons.xpi	DEBUG	Calling bootstrap method shutdown on firefox@getpocket.com version 1.0.5
1481781574930	addons.xpi	DEBUG	Calling bootstrap method shutdown on webcompat@mozilla.org version 1.0
[Child 9304] WARNING: pipe error: 109: file c:/builds/moz2_slave/m-rel-w32-00000000000000000000/build/src/ipc/chromium/src/chrome/common/ipc_channel_win.cc, line 346

###!!! [Child][MessageChannel] Error: (msgtype=0x4A00C2,name=PContent::Msg_ConsoleMessage) Channel closing: too late to send/recv, messages will be lost

1481781575227	addons.manager	DEBUG	shutdown
1481781575228	addons.manager	DEBUG	Calling shutdown blocker for XPIProvider
1481781575228	addons.xpi	DEBUG	shutdown
1481781575228	addons.xpi-utils	DEBUG	shutdown
1481781575229	addons.manager	DEBUG	Calling shutdown blocker for LightweightThemeManager
1481781575230	addons.manager	DEBUG	Calling shutdown blocker for GMPProvider
1481781575232	addons.manager	DEBUG	Calling shutdown blocker for PluginProvider
1481781575233	addons.manager	DEBUG	Calling shutdown blocker for <unnamed-provider>
1481781575235	addons.manager	DEBUG	Calling shutdown blocker for PreviousExperimentProvider
1481781575239	addons.xpi	DEBUG	Notifying XPI shutdown observers
1481781575244	addons.manager	DEBUG	Async provider shutdown done
[NPAPI 9104] WARNING: pipe error: 109: file c:/builds/moz2_slave/m-rel-w32-00000000000000000000/build/src/ipc/chromium/src/chrome/common/ipc_channel_win.cc, line 346
m_cfgProxySetting.Query(1)
m_cfgProxySetting.Query(1)
m_cfgProxySetting.Query(2)
m_cfgProxySetting.Query(3)
m_cfgProxySetting.Query(4)
m_cfgProxySetting.Query(5)
m_cfgProxySetting.Query(6)
m_cfgProxySetting.Query(7)
m_cfgProxySetting.Query(8)
m_cfgProxySetting.Query(9)
m_cfgProxySetting.Query(10)
m_cfgProxySetting.Query(11)
m_cfgProxySetting.Query(12)
m_cfgProxySetting.Query(13)
m_cfgProxySetting.Query(14)
m_cfgProxySetting.Query(15)
m_cfgProxySetting.Query(16)
m_cfgProxySetting.Query(17)
m_cfgProxySetting.Query(18)
m_cfgProxySetting.Query(19)
m_cfgProxySetting.Query(20)
m_cfgProxySetting.Query(21)
m_cfgProxySetting.Query(22)
m_cfgProxySetting.Query(23)
m_cfgProxySetting.Query(24)
m_cfgProxySetting.Query(25)
m_cfgProxySetting.Query(26)
m_cfgProxySetting.Query(27)
m_cfgProxySetting.Query(28)
arch_args' is deprecated
JavaScript warning: http://message.csdn.net/msg.popup.js, line 1496: redeclaration of block-scoped function `_msg_item_click_count' is deprecated
JavaScript warning: http://message.csdn.net/msg.popup.js, line 1503: redeclaration of block-scoped function `_message_callback' is deprecated
JavaScript warning: http://message.csdn.net/msg.popup.js, line 1539: redeclaration of block-scoped function `_message_get_search_args' is deprecated
JavaScript error: http://bdimg.share.baidu.com/static/api/js/trans/logger.js?v=d16ec0e3.js, line 1: TypeError: n.ajax.request is not a function
1481512824111	addons.xpi	DEBUG	Calling bootstrap method shutdown on aushelper@mozilla.org version 1.0
1481512824111	addons.xpi	DEBUG	Calling bootstrap method shutdown on e10srollout@mozilla.org version 1.5
1481512824112	addons.xpi	DEBUG	Calling bootstrap method shutdown on firefox@getpocket.com version 1.0.5
1481512824112	addons.xpi	DEBUG	Calling bootstrap method shutdown on webcompat@mozilla.org version 1.0
[Child 11160] WARNING: pipe error: 109: file c:/builds/moz2_slave/m-rel-w32-00000000000000000000/build/src/ipc/chromium/src/chrome/common/ipc_channel_win.cc, line 346
[Child 11160] WARNING: pipe error: 109: file c:/builds/moz2_slave/m-rel-w32-00000000000000000000/build/src/ipc/chromium/src/chrome/common/ipc_channel_win.cc, line 346

###!!! [Child][MessageChannel] Error: (msgtype=0x4A00C2,name=PContent::Msg_ConsoleMessage) Channel closing: too late to send/recv, messages will be lost

1481512824626	addons.manager	DEBUG	shutdown
1481512824626	addons.manager	DEBUG	Calling shutdown blocker for XPIProvider
1481512824626	addons.xpi	DEBUG	shutdown
1481512824626	addons.xpi-utils	DEBUG	shutdown
1481512824627	addons.manager	DEBUG	Calling shutdown blocker for LightweightThemeManager
1481512824628	addons.manager	DEBUG	Calling shutdown blocker for GMPProvider
1481512824630	addons.manager	DEBUG	Calling shutdown blocker for PluginProvider
1481512824631	addons.manager	DEBUG	Calling shutdown blocker for <unnamed-provider>
1481512824633	addons.manager	DEBUG	Calling shutdown blocker for PreviousExperimentProvider
1481512824636	addons.xpi	DEBUG	Notifying XPI shutdown observers
1481512824642	addons.manager	DEBUG	Async provider shutdown done
[NPAPI 9708] WARNING: pipe error: 109: file c:/builds/moz2_slave/m-rel-w32-00000000000000000000/build/src/ipc/chromium/src/chrome/common/ipc_channel_win.cc, line 346
m_cfgProxySetting.Query(1)
m_cfgProxySetting.Query(1)
